# JRE version: OpenJDK Runtime Environment Temurin-21.0.9+10 (21.0.9+10) (build 21.0.9+10-LTS)
# Java VM: OpenJDK 64-Bit Server VM Temurin-21.0.9+10 (21.0.9+10-LTS, mixed mode, sharing, tiered, compressed oops, compressed class ptrs, g1 gc, windows-amd64)
GC Precious Log:
 CardTable entry size: 512
 Card Set container configuration: InlinePtr #cards 5 size 8 Array Of Cards #cards 12 size 40 Howl #buckets 4 coarsen threshold 1843 Howl Bitmap #cards 512 size 80 coarsen threshold 460 Card regions per heap region 1 cards per card region 2048
 CPUs: 8 total, 8 available
 Memory: 3918M
 Large Page Support: Disabled
 NUMA Support: Disabled
 Compressed Oops: Enabled (32-bit)
 Heap Region Size: 1M
 Heap Min Capacity: 8M
 Heap Initial Capacity: 62M
 Heap Max Capacity: 980M
 Pre-touch: Disabled
 Parallel Workers: 8
 Concurrent Workers: 2
 Concurrent Refinement Workers: 8
 Periodic GC: Disabled
Heap:
 garbage-first heap   total 82944K, used 64000K [0x00000000c2c00000, 0x0000000100000000)
  region size 1024K, 26 young (26624K), 3 survivors (3072K)
 Metaspace       used 27375K, committed 27712K, reserved 1114112K
  class space    used 3100K, committed 3264K, reserved 1048576K
GC Heap History (16 events):
Event: 1.474 GC heap before
{Heap before GC invocations=0 (full 0):
 garbage-first heap   total 63488K, used 23552K [0x00000000c2c00000, 0x0000000100000000)
  region size 1024K, 23 young (23552K), 0 survivors (0K)
 Metaspace       used 5652K, committed 5824K, reserved 1114112K
  class space    used 672K, committed 768K, reserved 1048576K
}
Event: 1.492 GC heap after
{Heap after GC invocations=1 (full 0):
 garbage-first heap   total 63488K, used 3735K [0x00000000c2c00000, 0x0000000100000000)
  region size 1024K, 3 young (3072K), 3 survivors (3072K)
 Metaspace       used 5652K, committed 5824K, reserved 1114112K
  class space    used 672K, committed 768K, reserved 1048576K
}
Event: 2.663 GC heap before
{Heap before GC invocations=1 (full 0):
 garbage-first heap   total 63488K, used 33431K [0x00000000c2c00000, 0x0000000100000000)
  region size 1024K, 32 young (32768K), 3 survivors (3072K)
 Metaspace       used 9595K, committed 9792K, reserved 1114112K
  class space    used 1157K, committed 1216K, reserved 1048576K
}
Event: 2.675 GC heap after
{Heap after GC invocations=2 (full 0):
 garbage-first heap   total 63488K, used 5693K [0x00000000c2c00000, 0x0000000100000000)
  region size 1024K, 2 young (2048K), 2 survivors (2048K)
 Metaspace       used 9595K, committed 9792K, reserved 1114112K
  class space    used 1157K, committed 1216K, reserved 1048576K
}
Event: 4.710 GC heap before
{Heap before GC invocations=2 (full 0):
 garbage-first heap   total 63488K, used 41533K [0x00000000c2c00000, 0x0000000100000000)
  region size 1024K, 37 young (37888K), 2 survivors (2048K)
 Metaspace       used 15222K, committed 15424K, reserved 1114112K
  class space    used 1829K, committed 1920K, reserved 1048576K
}
Event: 4.735 GC heap after
{Heap after GC invocations=3 (full 0):
 garbage-first heap   total 63488K, used 9640K [0x00000000c2c00000, 0x0000000100000000)
  region size 1024K, 5 young (5120K), 5 survivors (5120K)
 Metaspace       used 15222K, committed 15424K, reserved 1114112K
  class space    used 1829K, committed 1920K, reserved 1048576K
}
Event: 5.889 GC heap before
{Heap before GC invocations=3 (full 0):
 garbage-first heap   total 63488K, used 42408K [0x00000000c2c00000, 0x0000000100000000)
  region size 1024K, 37 young (37888K), 5 survivors (5120K)
 Metaspace       used 16000K, committed 16192K, reserved 1114112K
  class space    used 1894K, committed 1984K, reserved 1048576K
}
Event: 5.908 GC heap after
{Heap after GC invocations=4 (full 0):
 garbage-first heap   total 63488K, used 13077K [0x00000000c2c00000, 0x0000000100000000)
  region size 1024K, 4 young (4096K), 4 survivors (4096K)
 Metaspace       used 16000K, committed 16192K, reserved 1114112K
  class space    used 1894K, committed 1984K, reserved 1048576K
}
Event: 6.912 GC heap before
{Heap before GC invocations=4 (full 0):
 garbage-first heap   total 63488K, used 46869K [0x00000000c2c00000, 0x0000000100000000)
  region size 1024K, 37 young (37888K), 4 survivors (4096K)
 Metaspace       used 17014K, committed 17280K, reserved 1114112K
  class space    used 1997K, committed 2112K, reserved 1048576K
}
Event: 6.923 GC heap after
{Heap after GC invocations=5 (full 0):
 garbage-first heap   total 76800K, used 14336K [0x00000000c2c00000, 0x0000000100000000)
  region size 1024K, 2 young (2048K), 2 survivors (2048K)
 Metaspace       used 17014K, committed 17280K, reserved 1114112K
  class space    used 1997K, committed 2112K, reserved 1048576K
}
Event: 7.939 GC heap before
{Heap before GC invocations=5 (full 0):
 garbage-first heap   total 76800K, used 59392K [0x00000000c2c00000, 0x0000000100000000)
  region size 1024K, 42 young (43008K), 2 survivors (2048K)
 Metaspace       used 21171K, committed 21504K, reserved 1114112K
  class space    used 2482K, committed 2624K, reserved 1048576K
}
Event: 7.951 GC heap after
{Heap after GC invocations=6 (full 0):
 garbage-first heap   total 76800K, used 24114K [0x00000000c2c00000, 0x0000000100000000)
  region size 1024K, 6 young (6144K), 6 survivors (6144K)
 Metaspace       used 21171K, committed 21504K, reserved 1114112K
  class space    used 2482K, committed 2624K, reserved 1048576K
}
Event: 10.343 GC heap before
{Heap before GC invocations=7 (full 0):
 garbage-first heap   total 76800K, used 64050K [0x00000000c2c00000, 0x0000000100000000)
  region size 1024K, 43 young (44032K), 6 survivors (6144K)
 Metaspace       used 26629K, committed 26944K, reserved 1114112K
  class space    used 3058K, committed 3200K, reserved 1048576K
}
Event: 10.373 GC heap after
{Heap after GC invocations=8 (full 0):
 garbage-first heap   total 82944K, used 38912K [0x00000000c2c00000, 0x0000000100000000)
  region size 1024K, 6 young (6144K), 6 survivors (6144K)
 Metaspace       used 26629K, committed 26944K, reserved 1114112K
  class space    used 3058K, committed 3200K, reserved 1048576K
}
Event: 10.704 GC heap before
{Heap before GC invocations=8 (full 0):
 garbage-first heap   total 82944K, used 66560K [0x00000000c2c00000, 0x0000000100000000)
  region size 1024K, 33 young (33792K), 6 survivors (6144K)
 Metaspace       used 27017K, committed 27392K, reserved 1114112K
  class space    used 3082K, committed 3264K, reserved 1048576K
}
Event: 10.717 GC heap after
{Heap after GC invocations=9 (full 0):
 garbage-first heap   total 82944K, used 41472K [0x00000000c2c00000, 0x0000000100000000)
  region size 1024K, 3 young (3072K), 3 survivors (3072K)
 Metaspace       used 27017K, committed 27392K, reserved 1114112K
  class space    used 3082K, committed 3264K, reserved 1048576K
}

